2020-04-17 01:08:05,643 [main] INFO LogCreation - URL is opened
2020-04-17 01:08:35,842 [main] INFO LogCreation - Entered the user name
2020-04-17 01:08:35,898 [main] INFO LogCreation - Entered Password
2020-04-17 01:08:41,065 [main] INFO LogCreation - Login button clicked
2020-04-17 01:08:41,091 [main] INFO LogCreation - Login test case passed
2020-04-17 16:46:28,541 [main] INFO LogCreation - URL is opened
2020-04-17 16:46:58,826 [main] INFO LogCreation - Entered the user name
2020-04-17 16:46:58,901 [main] INFO LogCreation - Entered Password
2020-04-17 16:47:05,804 [main] INFO LogCreation - Login button clicked
2020-04-17 16:47:05,839 [main] INFO LogCreation - Login test case passed
2020-04-17 16:54:56,252 [main] INFO LogCreation - URL is opened
2020-04-17 16:55:06,513 [main] INFO LogCreation - Entered the user name
2020-04-17 16:55:06,584 [main] INFO LogCreation - Entered Password
2020-04-17 16:55:21,301 [main] INFO LogCreation - Login button clicked
2020-04-17 16:55:21,321 [main] INFO LogCreation - Login test case passed
2020-04-17 17:14:36,624 [main] INFO LogCreation - URL is opened
2020-04-17 17:14:46,855 [main] INFO LogCreation - Entered the user name
2020-04-17 17:14:46,926 [main] INFO LogCreation - Entered Password
2020-04-17 17:14:52,517 [main] INFO LogCreation - Login button clicked
2020-04-17 17:14:52,547 [main] INFO LogCreation - Login test case passed
2020-04-17 17:18:02,364 [main] INFO LogCreation - URL is opened
2020-04-17 17:18:12,595 [main] INFO LogCreation - Entered the user name
2020-04-17 17:18:12,666 [main] INFO LogCreation - Entered Password
2020-04-17 17:18:19,317 [main] INFO LogCreation - Login button clicked
2020-04-17 17:18:19,347 [main] INFO LogCreation - Login test case passed
2020-04-17 17:21:35,179 [main] INFO LogCreation - URL is opened
2020-04-17 17:21:45,440 [main] INFO LogCreation - Entered the user name
2020-04-17 17:21:45,511 [main] INFO LogCreation - Entered Password
2020-04-17 17:21:52,210 [main] INFO LogCreation - Login button clicked
2020-04-17 17:21:52,231 [main] INFO LogCreation - Login test case passed
2020-04-17 17:27:40,590 [main] INFO LogCreation - URL is opened
2020-04-17 17:27:50,801 [main] INFO LogCreation - Entered the user name
2020-04-17 17:27:50,872 [main] INFO LogCreation - Entered Password
2020-04-17 17:28:08,853 [main] INFO LogCreation - Login button clicked
2020-04-17 17:28:08,877 [main] INFO LogCreation - Login test case passed
2020-04-17 17:32:18,110 [main] INFO LogCreation - URL is opened
2020-04-17 17:32:28,341 [main] INFO LogCreation - Entered the user name
2020-04-17 17:32:28,402 [main] INFO LogCreation - Entered Password
2020-04-17 17:32:32,453 [main] INFO LogCreation - Login button clicked
2020-04-17 17:32:32,463 [main] INFO LogCreation - Login test case passed
2020-04-17 17:39:37,327 [main] INFO LogCreation - URL is opened
2020-04-17 17:39:47,558 [main] INFO LogCreation - Entered the user name
2020-04-17 17:39:47,629 [main] INFO LogCreation - Entered Password
2020-04-17 17:39:57,262 [main] INFO LogCreation - Login button clicked
2020-04-17 17:39:57,282 [main] INFO LogCreation - Login test case passed
2020-04-17 17:49:22,121 [main] INFO LogCreation - URL is opened
2020-04-17 17:49:32,397 [main] INFO LogCreation - Entered the user name
2020-04-17 17:49:32,456 [main] INFO LogCreation - Entered Password
2020-04-17 17:49:44,957 [main] INFO LogCreation - Login button clicked
2020-04-17 17:49:44,981 [main] INFO LogCreation - Login test case passed
2020-04-17 17:51:09,622 [main] INFO LogCreation - URL is opened
2020-04-17 17:51:09,814 [main] INFO LogCreation - Entered the user name
2020-04-17 17:51:09,877 [main] INFO LogCreation - Entered Password
2020-04-17 17:51:15,359 [main] INFO LogCreation - Login button clicked
2020-04-17 17:51:15,380 [main] INFO LogCreation - Login test case passed
2020-04-17 18:00:34,405 [main] INFO LogCreation - URL is opened
2020-04-17 18:00:34,591 [main] INFO LogCreation - Entered the user name
2020-04-17 18:00:34,648 [main] INFO LogCreation - Entered Password
2020-04-17 18:00:41,100 [main] INFO LogCreation - Login button clicked
2020-04-17 18:00:41,126 [main] INFO LogCreation - Login test case passed
2020-04-17 18:06:18,801 [main] INFO LogCreation - URL is opened
2020-04-17 18:06:19,015 [main] INFO LogCreation - Entered the user name
2020-04-17 18:06:19,069 [main] INFO LogCreation - Entered Password
2020-04-17 18:06:36,966 [main] INFO LogCreation - Login button clicked
2020-04-17 18:06:36,989 [main] INFO LogCreation - Login test case passed
2020-04-18 00:06:55,123 [main] INFO LogCreation - URL is opened
2020-04-18 00:06:55,561 [main] INFO LogCreation - Entered the user name
2020-04-18 00:06:55,715 [main] INFO LogCreation - Entered Password
2020-04-18 00:07:03,501 [main] INFO LogCreation - Login button clicked
2020-04-18 00:07:03,530 [main] INFO LogCreation - Login test case passed
2020-04-18 00:31:30,406 [main] INFO LogCreation - URL is opened
2020-04-18 00:31:30,792 [main] INFO LogCreation - Entered the user name
2020-04-18 00:31:30,938 [main] INFO LogCreation - Entered Password
2020-04-18 00:31:36,411 [main] INFO LogCreation - Login button clicked
2020-04-18 00:35:46,792 [main] INFO LogCreation - URL is opened
2020-04-18 00:35:47,123 [main] INFO LogCreation - Entered the user name
2020-04-18 00:35:47,270 [main] INFO LogCreation - Entered Password
2020-04-18 00:35:54,312 [main] INFO LogCreation - Login button clicked
2020-04-18 16:38:37,189 [main] INFO LogCreation - User name provided
2020-04-18 16:38:37,270 [main] INFO LogCreation - Password provided
2020-04-18 16:38:47,028 [main] WARN LogCreation - Login Passed
2020-04-18 16:47:25,812 [main] INFO LogCreation - User name provided
2020-04-18 16:47:25,923 [main] INFO LogCreation - Password provided
2020-04-18 16:47:34,783 [main] WARN LogCreation - Login Passed
2020-04-18 16:47:38,077 [main] INFO LogCreation - User name provided
2020-04-18 16:47:38,140 [main] INFO LogCreation - Password provided
2020-04-18 16:47:43,309 [main] INFO LogCreation - User name provided
2020-04-18 16:47:43,435 [main] INFO LogCreation - Password provided
2020-04-18 16:47:51,423 [main] WARN LogCreation - Login Passed
2020-04-18 16:47:54,420 [main] INFO LogCreation - User name provided
2020-04-18 16:47:54,468 [main] INFO LogCreation - Password provided
2020-04-19 10:57:19,762 [main] INFO LogCreation - URL is opened
2020-04-19 10:57:20,501 [main] INFO LogCreation - Entered the user name
2020-04-19 10:57:20,713 [main] INFO LogCreation - Entered Password
2020-04-19 10:57:31,099 [main] INFO LogCreation - Login button clicked
2020-04-19 16:45:15,496 [main] INFO LogCreation - URL is opened
2020-04-19 16:45:15,841 [main] INFO LogCreation - Entered the user name
2020-04-19 16:45:16,008 [main] INFO LogCreation - Entered Password
2020-04-19 16:45:17,916 [main] INFO LogCreation - Login button clicked
2020-04-19 16:54:45,771 [main] INFO LogCreation - URL is opened
2020-04-19 16:54:47,070 [main] INFO LogCreation - Entered the user name
2020-04-19 16:54:47,589 [main] INFO LogCreation - Entered Password
2020-04-19 16:54:52,097 [main] INFO LogCreation - Login button clicked
2020-04-20 17:21:26,089 [main] INFO LogCreation - URL is opened
2020-04-20 17:21:26,432 [main] INFO LogCreation - Entered the user name
2020-04-20 17:21:26,512 [main] INFO LogCreation - Entered Password
2020-04-20 17:21:29,270 [main] INFO LogCreation - Login button clicked
2020-04-20 17:23:22,196 [main] INFO LogCreation - URL is opened
2020-04-20 17:23:22,609 [main] INFO LogCreation - Entered the user name
2020-04-20 17:23:22,834 [main] INFO LogCreation - Entered Password
2020-04-20 17:23:26,035 [main] INFO LogCreation - Login button clicked
2020-04-20 17:23:26,071 [main] INFO LogCreation - Login test case passed
2020-04-20 18:47:10,792 [main] INFO LogCreation - URL is opened
2020-04-20 18:47:11,201 [main] INFO LogCreation - Entered the user name
2020-04-20 18:47:11,336 [main] INFO LogCreation - Entered Password
2020-04-20 18:47:17,369 [main] INFO LogCreation - Login button clicked
2020-04-20 18:47:17,379 [main] INFO LogCreation - Login test case passed
2020-04-21 15:04:29,013 [main] INFO LogCreation - URL is opened
2020-04-21 15:04:29,378 [main] INFO LogCreation - Entered the user name
2020-04-21 15:04:29,478 [main] INFO LogCreation - Entered Password
2020-04-21 15:04:36,273 [main] INFO LogCreation - Login button clicked
2020-04-21 15:04:36,293 [main] INFO LogCreation - Login test case passed
2020-04-24 17:22:12,594 [main] INFO LogCreation - URL is opened
2020-04-24 17:22:13,062 [main] INFO LogCreation - Entered the user name
2020-04-24 17:22:13,238 [main] INFO LogCreation - Entered Password
2020-04-24 17:22:19,300 [main] INFO LogCreation - Login button clicked
2020-04-24 17:22:19,313 [main] INFO LogCreation - Login test case passed
2020-04-24 17:23:17,885 [main] INFO LogCreation - URL is opened
2020-04-24 17:23:18,271 [main] INFO LogCreation - Entered the user name
2020-04-24 17:23:18,461 [main] INFO LogCreation - Entered Password
2020-04-24 17:23:24,494 [main] INFO LogCreation - Login button clicked
2020-04-24 17:23:24,518 [main] INFO LogCreation - Login test case passed
